


ARM Macro Assembler    Page 1 


    1 00000000         ;*******************************************************
                       ************************
    2 00000000         ;* File Name          : startup_stm32f072xb.s
    3 00000000         ;* Author             : MCD Application Team
    4 00000000         ;* Description        : STM32F072x8/STM32F072xB devices 
                       vector table for MDK-ARM toolchain.
    5 00000000         ;*                      This module performs:
    6 00000000         ;*                      - Set the initial SP
    7 00000000         ;*                      - Set the initial PC == Reset_Ha
                       ndler
    8 00000000         ;*                      - Set the vector table entries w
                       ith the exceptions ISR address
    9 00000000         ;*                      - Branches to __main in the C li
                       brary (which eventually
   10 00000000         ;*                        calls main()).
   11 00000000         ;*                      After Reset the CortexM0 process
                       or is in Thread mode,
   12 00000000         ;*                      priority is Privileged, and the 
                       Stack is set to Main.
   13 00000000         ;*******************************************************
                       ************************
   14 00000000         ;* @attention
   15 00000000         ;*
   16 00000000         ;* Copyright (c) 2016 STMicroelectronics.
   17 00000000         ;* All rights reserved.
   18 00000000         ;*
   19 00000000         ;* This software is licensed under terms that can be fou
                       nd in the LICENSE file
   20 00000000         ;* in the root directory of this software component.
   21 00000000         ;* If no LICENSE file comes with this software, it is pr
                       ovided AS-IS.
   22 00000000         ;*
   23 00000000         ;*******************************************************
                       ************************
   24 00000000         ;* <<< Use Configuration Wizard in Context Menu >>>
   25 00000000         ;
   26 00000000         
   27 00000000         ; Amount of memory (in bytes) allocated for Stack
   28 00000000         ; Tailor this value to your application needs
   29 00000000         ; <h> Stack Configuration
   30 00000000         ;   <o> Stack Size (in Bytes) <0x0-0xFFFFFFFF:8>
   31 00000000         ; </h>
   32 00000000         
   33 00000000 00000600 
                       Stack_Size
                               EQU              0x600
   34 00000000         
   35 00000000                 AREA             STACK, NOINIT, READWRITE, ALIGN
=3
   36 00000000         Stack_Mem
                               SPACE            Stack_Size
   37 00000600         __initial_sp
   38 00000600         
   39 00000600         
   40 00000600         ; <h> Heap Configuration
   41 00000600         ;   <o>  Heap Size (in Bytes) <0x0-0xFFFFFFFF:8>
   42 00000600         ; </h>
   43 00000600         
   44 00000600 00000400 



ARM Macro Assembler    Page 2 


                       Heap_Size
                               EQU              0x400
   45 00000600         
   46 00000600                 AREA             HEAP, NOINIT, READWRITE, ALIGN=
3
   47 00000000         __heap_base
   48 00000000         Heap_Mem
                               SPACE            Heap_Size
   49 00000400         __heap_limit
   50 00000400         
   51 00000400                 PRESERVE8
   52 00000400                 THUMB
   53 00000400         
   54 00000400         
   55 00000400         ; Vector Table Mapped to Address 0 at Reset
   56 00000400                 AREA             RESET, DATA, READONLY
   57 00000000                 EXPORT           __Vectors
   58 00000000                 EXPORT           __Vectors_End
   59 00000000                 EXPORT           __Vectors_Size
   60 00000000         
   61 00000000 00000000 
                       __Vectors
                               DCD              __initial_sp ; Top of Stack
   62 00000004 00000000        DCD              Reset_Handler ; Reset Handler
   63 00000008 00000000        DCD              NMI_Handler ; NMI Handler
   64 0000000C 00000000        DCD              HardFault_Handler ; Hard Fault 
                                                            Handler
   65 00000010 00000000        DCD              0           ; Reserved
   66 00000014 00000000        DCD              0           ; Reserved
   67 00000018 00000000        DCD              0           ; Reserved
   68 0000001C 00000000        DCD              0           ; Reserved
   69 00000020 00000000        DCD              0           ; Reserved
   70 00000024 00000000        DCD              0           ; Reserved
   71 00000028 00000000        DCD              0           ; Reserved
   72 0000002C 00000000        DCD              SVC_Handler ; SVCall Handler
   73 00000030 00000000        DCD              0           ; Reserved
   74 00000034 00000000        DCD              0           ; Reserved
   75 00000038 00000000        DCD              PendSV_Handler ; PendSV Handler
                                                            
   76 0000003C 00000000        DCD              SysTick_Handler 
                                                            ; SysTick Handler
   77 00000040         
   78 00000040         ; External Interrupts
   79 00000040 00000000        DCD              WWDG_IRQHandler 
                                                            ; Window Watchdog
   80 00000044 00000000        DCD              PVD_VDDIO2_IRQHandler ; PVD thr
                                                            ough EXTI Line dete
                                                            ct
   81 00000048 00000000        DCD              RTC_IRQHandler ; RTC through EX
                                                            TI Line
   82 0000004C 00000000        DCD              FLASH_IRQHandler ; FLASH
   83 00000050 00000000        DCD              RCC_CRS_IRQHandler 
                                                            ; RCC and CRS
   84 00000054 00000000        DCD              EXTI0_1_IRQHandler 
                                                            ; EXTI Line 0 and 1
                                                            
   85 00000058 00000000        DCD              EXTI2_3_IRQHandler 
                                                            ; EXTI Line 2 and 3
                                                            



ARM Macro Assembler    Page 3 


   86 0000005C 00000000        DCD              EXTI4_15_IRQHandler 
                                                            ; EXTI Line 4 to 15
                                                            
   87 00000060 00000000        DCD              TSC_IRQHandler ; TS
   88 00000064 00000000        DCD              DMA1_Channel1_IRQHandler 
                                                            ; DMA1 Channel 1
   89 00000068 00000000        DCD              DMA1_Channel2_3_IRQHandler ; DM
                                                            A1 Channel 2 and Ch
                                                            annel 3
   90 0000006C 00000000        DCD              DMA1_Channel4_5_6_7_IRQHandler 
                                                            ; DMA1 Channel 4, C
                                                            hannel 5, Channel 6
                                                             and Channel 7
   91 00000070 00000000        DCD              ADC1_COMP_IRQHandler ; ADC1, CO
                                                            MP1 and COMP2 
   92 00000074 00000000        DCD              TIM1_BRK_UP_TRG_COM_IRQHandler 
                                                            ; TIM1 Break, Updat
                                                            e, Trigger and Comm
                                                            utation
   93 00000078 00000000        DCD              TIM1_CC_IRQHandler ; TIM1 Captu
                                                            re Compare
   94 0000007C 00000000        DCD              TIM2_IRQHandler ; TIM2
   95 00000080 00000000        DCD              TIM3_IRQHandler ; TIM3
   96 00000084 00000000        DCD              TIM6_DAC_IRQHandler 
                                                            ; TIM6 and DAC
   97 00000088 00000000        DCD              TIM7_IRQHandler ; TIM7
   98 0000008C 00000000        DCD              TIM14_IRQHandler ; TIM14
   99 00000090 00000000        DCD              TIM15_IRQHandler ; TIM15
  100 00000094 00000000        DCD              TIM16_IRQHandler ; TIM16
  101 00000098 00000000        DCD              TIM17_IRQHandler ; TIM17
  102 0000009C 00000000        DCD              I2C1_IRQHandler ; I2C1
  103 000000A0 00000000        DCD              I2C2_IRQHandler ; I2C2
  104 000000A4 00000000        DCD              SPI1_IRQHandler ; SPI1
  105 000000A8 00000000        DCD              SPI2_IRQHandler ; SPI2
  106 000000AC 00000000        DCD              USART1_IRQHandler ; USART1
  107 000000B0 00000000        DCD              USART2_IRQHandler ; USART2
  108 000000B4 00000000        DCD              USART3_4_IRQHandler 
                                                            ; USART3 & USART4
  109 000000B8 00000000        DCD              CEC_CAN_IRQHandler 
                                                            ; CEC and CAN
  110 000000BC 00000000        DCD              USB_IRQHandler ; USB
  111 000000C0         
  112 000000C0         __Vectors_End
  113 000000C0         
  114 000000C0 000000C0 
                       __Vectors_Size
                               EQU              __Vectors_End - __Vectors
  115 000000C0         
  116 000000C0                 AREA             |.text|, CODE, READONLY
  117 00000000         
  118 00000000         ; Reset handler routine
  119 00000000         Reset_Handler
                               PROC
  120 00000000                 EXPORT           Reset_Handler                 [
WEAK]
  121 00000000                 IMPORT           __main
  122 00000000                 IMPORT           SystemInit
  123 00000000 4807            LDR              R0, =SystemInit
  124 00000002 4780            BLX              R0



ARM Macro Assembler    Page 4 


  125 00000004 4807            LDR              R0, =__main
  126 00000006 4700            BX               R0
  127 00000008                 ENDP
  128 00000008         
  129 00000008         ; Dummy Exception Handlers (infinite loops which can be 
                       modified)
  130 00000008         
  131 00000008         NMI_Handler
                               PROC
  132 00000008                 EXPORT           NMI_Handler                    
[WEAK]
  133 00000008 E7FE            B                .
  134 0000000A                 ENDP
  136 0000000A         HardFault_Handler
                               PROC
  137 0000000A                 EXPORT           HardFault_Handler              
[WEAK]
  138 0000000A E7FE            B                .
  139 0000000C                 ENDP
  140 0000000C         SVC_Handler
                               PROC
  141 0000000C                 EXPORT           SVC_Handler                    
[WEAK]
  142 0000000C E7FE            B                .
  143 0000000E                 ENDP
  144 0000000E         PendSV_Handler
                               PROC
  145 0000000E                 EXPORT           PendSV_Handler                 
[WEAK]
  146 0000000E E7FE            B                .
  147 00000010                 ENDP
  148 00000010         SysTick_Handler
                               PROC
  149 00000010                 EXPORT           SysTick_Handler                
[WEAK]
  150 00000010 E7FE            B                .
  151 00000012                 ENDP
  152 00000012         
  153 00000012         Default_Handler
                               PROC
  154 00000012         
  155 00000012                 EXPORT           WWDG_IRQHandler                
[WEAK]
  156 00000012                 EXPORT           PVD_VDDIO2_IRQHandler          
[WEAK]
  157 00000012                 EXPORT           RTC_IRQHandler                 
[WEAK]
  158 00000012                 EXPORT           FLASH_IRQHandler               
[WEAK]
  159 00000012                 EXPORT           RCC_CRS_IRQHandler             
[WEAK]
  160 00000012                 EXPORT           EXTI0_1_IRQHandler             
[WEAK]
  161 00000012                 EXPORT           EXTI2_3_IRQHandler             
[WEAK]
  162 00000012                 EXPORT           EXTI4_15_IRQHandler            
[WEAK]
  163 00000012                 EXPORT           TSC_IRQHandler                 
[WEAK]



ARM Macro Assembler    Page 5 


  164 00000012                 EXPORT           DMA1_Channel1_IRQHandler       
[WEAK]
  165 00000012                 EXPORT           DMA1_Channel2_3_IRQHandler     
[WEAK]
  166 00000012                 EXPORT           DMA1_Channel4_5_6_7_IRQHandler 
[WEAK]
  167 00000012                 EXPORT           ADC1_COMP_IRQHandler           
[WEAK]
  168 00000012                 EXPORT           TIM1_BRK_UP_TRG_COM_IRQHandler 
[WEAK]
  169 00000012                 EXPORT           TIM1_CC_IRQHandler             
[WEAK]
  170 00000012                 EXPORT           TIM2_IRQHandler                
[WEAK]
  171 00000012                 EXPORT           TIM3_IRQHandler                
[WEAK]
  172 00000012                 EXPORT           TIM6_DAC_IRQHandler            
[WEAK]
  173 00000012                 EXPORT           TIM7_IRQHandler                
[WEAK]
  174 00000012                 EXPORT           TIM14_IRQHandler               
[WEAK]
  175 00000012                 EXPORT           TIM15_IRQHandler               
[WEAK]
  176 00000012                 EXPORT           TIM16_IRQHandler               
[WEAK]
  177 00000012                 EXPORT           TIM17_IRQHandler               
[WEAK]
  178 00000012                 EXPORT           I2C1_IRQHandler                
[WEAK]
  179 00000012                 EXPORT           I2C2_IRQHandler                
[WEAK]
  180 00000012                 EXPORT           SPI1_IRQHandler                
[WEAK]
  181 00000012                 EXPORT           SPI2_IRQHandler                
[WEAK]
  182 00000012                 EXPORT           USART1_IRQHandler              
[WEAK]
  183 00000012                 EXPORT           USART2_IRQHandler              
[WEAK]
  184 00000012                 EXPORT           USART3_4_IRQHandler            
[WEAK]
  185 00000012                 EXPORT           CEC_CAN_IRQHandler             
[WEAK]
  186 00000012                 EXPORT           USB_IRQHandler                 
[WEAK]
  187 00000012         
  188 00000012         
  189 00000012         WWDG_IRQHandler
  190 00000012         PVD_VDDIO2_IRQHandler
  191 00000012         RTC_IRQHandler
  192 00000012         FLASH_IRQHandler
  193 00000012         RCC_CRS_IRQHandler
  194 00000012         EXTI0_1_IRQHandler
  195 00000012         EXTI2_3_IRQHandler
  196 00000012         EXTI4_15_IRQHandler
  197 00000012         TSC_IRQHandler
  198 00000012         DMA1_Channel1_IRQHandler
  199 00000012         DMA1_Channel2_3_IRQHandler



ARM Macro Assembler    Page 6 


  200 00000012         DMA1_Channel4_5_6_7_IRQHandler
  201 00000012         ADC1_COMP_IRQHandler
  202 00000012         TIM1_BRK_UP_TRG_COM_IRQHandler
  203 00000012         TIM1_CC_IRQHandler
  204 00000012         TIM2_IRQHandler
  205 00000012         TIM3_IRQHandler
  206 00000012         TIM6_DAC_IRQHandler
  207 00000012         TIM7_IRQHandler
  208 00000012         TIM14_IRQHandler
  209 00000012         TIM15_IRQHandler
  210 00000012         TIM16_IRQHandler
  211 00000012         TIM17_IRQHandler
  212 00000012         I2C1_IRQHandler
  213 00000012         I2C2_IRQHandler
  214 00000012         SPI1_IRQHandler
  215 00000012         SPI2_IRQHandler
  216 00000012         USART1_IRQHandler
  217 00000012         USART2_IRQHandler
  218 00000012         USART3_4_IRQHandler
  219 00000012         CEC_CAN_IRQHandler
  220 00000012         USB_IRQHandler
  221 00000012         
  222 00000012 E7FE            B                .
  223 00000014         
  224 00000014                 ENDP
  225 00000014         
  226 00000014                 ALIGN
  227 00000014         
  228 00000014         ;*******************************************************
                       ************************
  229 00000014         ; User Stack and Heap initialization
  230 00000014         ;*******************************************************
                       ************************
  231 00000014                 IF               :DEF:__MICROLIB
  238 00000014         
  239 00000014                 IMPORT           __use_two_region_memory
  240 00000014                 EXPORT           __user_initial_stackheap
  241 00000014         
  242 00000014         __user_initial_stackheap
  243 00000014         
  244 00000014 4804            LDR              R0, =  Heap_Mem
  245 00000016 4905            LDR              R1, =(Stack_Mem + Stack_Size)
  246 00000018 4A05            LDR              R2, = (Heap_Mem +  Heap_Size)
  247 0000001A 4B06            LDR              R3, = Stack_Mem
  248 0000001C 4770            BX               LR
  249 0000001E         
  250 0000001E 00 00           ALIGN
  251 00000020         
  252 00000020                 ENDIF
  253 00000020         
  254 00000020                 END
              00000000 
              00000000 
              00000000 
              00000600 
              00000400 
              00000000 
Command Line: --debug --xref --diag_suppress=9931 --cpu=Cortex-M0 --apcs=interw
ork --depend=lul\startup_stm32f072xb.d -olul\startup_stm32f072xb.o -I../Inc -I.



ARM Macro Assembler    Page 7 


\RTE\_lul -IC:\Users\allen\AppData\Local\Arm\Packs\ARM\CMSIS\5.6.0\CMSIS\Core\I
nclude -IC:\Users\allen\AppData\Local\Arm\Packs\Keil\STM32F0xx_DFP\2.1.1\Driver
s\CMSIS\Device\ST\STM32F0xx\Include --predefine="__UVISION_VERSION SETA 529" --
predefine="_RTE_ SETA 1" --predefine="STM32F072xB SETA 1" --list=startup_stm32f
072xb.lst startup_stm32f072xb.s



ARM Macro Assembler    Page 1 Alphabetic symbol ordering
Relocatable symbols

STACK 00000000

Symbol: STACK
   Definitions
      At line 35 in file startup_stm32f072xb.s
   Uses
      None
Comment: STACK unused
Stack_Mem 00000000

Symbol: Stack_Mem
   Definitions
      At line 36 in file startup_stm32f072xb.s
   Uses
      At line 245 in file startup_stm32f072xb.s
      At line 247 in file startup_stm32f072xb.s

__initial_sp 00000600

Symbol: __initial_sp
   Definitions
      At line 37 in file startup_stm32f072xb.s
   Uses
      At line 61 in file startup_stm32f072xb.s
Comment: __initial_sp used once
3 symbols



ARM Macro Assembler    Page 1 Alphabetic symbol ordering
Relocatable symbols

HEAP 00000000

Symbol: HEAP
   Definitions
      At line 46 in file startup_stm32f072xb.s
   Uses
      None
Comment: HEAP unused
Heap_Mem 00000000

Symbol: Heap_Mem
   Definitions
      At line 48 in file startup_stm32f072xb.s
   Uses
      At line 244 in file startup_stm32f072xb.s
      At line 246 in file startup_stm32f072xb.s

__heap_base 00000000

Symbol: __heap_base
   Definitions
      At line 47 in file startup_stm32f072xb.s
   Uses
      None
Comment: __heap_base unused
__heap_limit 00000400

Symbol: __heap_limit
   Definitions
      At line 49 in file startup_stm32f072xb.s
   Uses
      None
Comment: __heap_limit unused
4 symbols



ARM Macro Assembler    Page 1 Alphabetic symbol ordering
Relocatable symbols

RESET 00000000

Symbol: RESET
   Definitions
      At line 56 in file startup_stm32f072xb.s
   Uses
      None
Comment: RESET unused
__Vectors 00000000

Symbol: __Vectors
   Definitions
      At line 61 in file startup_stm32f072xb.s
   Uses
      At line 57 in file startup_stm32f072xb.s
      At line 114 in file startup_stm32f072xb.s

__Vectors_End 000000C0

Symbol: __Vectors_End
   Definitions
      At line 112 in file startup_stm32f072xb.s
   Uses
      At line 58 in file startup_stm32f072xb.s
      At line 114 in file startup_stm32f072xb.s

3 symbols



ARM Macro Assembler    Page 1 Alphabetic symbol ordering
Relocatable symbols

.text 00000000

Symbol: .text
   Definitions
      At line 116 in file startup_stm32f072xb.s
   Uses
      None
Comment: .text unused
ADC1_COMP_IRQHandler 00000012

Symbol: ADC1_COMP_IRQHandler
   Definitions
      At line 201 in file startup_stm32f072xb.s
   Uses
      At line 91 in file startup_stm32f072xb.s
      At line 167 in file startup_stm32f072xb.s

CEC_CAN_IRQHandler 00000012

Symbol: CEC_CAN_IRQHandler
   Definitions
      At line 219 in file startup_stm32f072xb.s
   Uses
      At line 109 in file startup_stm32f072xb.s
      At line 185 in file startup_stm32f072xb.s

DMA1_Channel1_IRQHandler 00000012

Symbol: DMA1_Channel1_IRQHandler
   Definitions
      At line 198 in file startup_stm32f072xb.s
   Uses
      At line 88 in file startup_stm32f072xb.s
      At line 164 in file startup_stm32f072xb.s

DMA1_Channel2_3_IRQHandler 00000012

Symbol: DMA1_Channel2_3_IRQHandler
   Definitions
      At line 199 in file startup_stm32f072xb.s
   Uses
      At line 89 in file startup_stm32f072xb.s
      At line 165 in file startup_stm32f072xb.s

DMA1_Channel4_5_6_7_IRQHandler 00000012

Symbol: DMA1_Channel4_5_6_7_IRQHandler
   Definitions
      At line 200 in file startup_stm32f072xb.s
   Uses
      At line 90 in file startup_stm32f072xb.s
      At line 166 in file startup_stm32f072xb.s

Default_Handler 00000012

Symbol: Default_Handler
   Definitions
      At line 153 in file startup_stm32f072xb.s
   Uses



ARM Macro Assembler    Page 2 Alphabetic symbol ordering
Relocatable symbols

      None
Comment: Default_Handler unused
EXTI0_1_IRQHandler 00000012

Symbol: EXTI0_1_IRQHandler
   Definitions
      At line 194 in file startup_stm32f072xb.s
   Uses
      At line 84 in file startup_stm32f072xb.s
      At line 160 in file startup_stm32f072xb.s

EXTI2_3_IRQHandler 00000012

Symbol: EXTI2_3_IRQHandler
   Definitions
      At line 195 in file startup_stm32f072xb.s
   Uses
      At line 85 in file startup_stm32f072xb.s
      At line 161 in file startup_stm32f072xb.s

EXTI4_15_IRQHandler 00000012

Symbol: EXTI4_15_IRQHandler
   Definitions
      At line 196 in file startup_stm32f072xb.s
   Uses
      At line 86 in file startup_stm32f072xb.s
      At line 162 in file startup_stm32f072xb.s

FLASH_IRQHandler 00000012

Symbol: FLASH_IRQHandler
   Definitions
      At line 192 in file startup_stm32f072xb.s
   Uses
      At line 82 in file startup_stm32f072xb.s
      At line 158 in file startup_stm32f072xb.s

HardFault_Handler 0000000A

Symbol: HardFault_Handler
   Definitions
      At line 136 in file startup_stm32f072xb.s
   Uses
      At line 64 in file startup_stm32f072xb.s
      At line 137 in file startup_stm32f072xb.s

I2C1_IRQHandler 00000012

Symbol: I2C1_IRQHandler
   Definitions
      At line 212 in file startup_stm32f072xb.s
   Uses
      At line 102 in file startup_stm32f072xb.s
      At line 178 in file startup_stm32f072xb.s

I2C2_IRQHandler 00000012

Symbol: I2C2_IRQHandler



ARM Macro Assembler    Page 3 Alphabetic symbol ordering
Relocatable symbols

   Definitions
      At line 213 in file startup_stm32f072xb.s
   Uses
      At line 103 in file startup_stm32f072xb.s
      At line 179 in file startup_stm32f072xb.s

NMI_Handler 00000008

Symbol: NMI_Handler
   Definitions
      At line 131 in file startup_stm32f072xb.s
   Uses
      At line 63 in file startup_stm32f072xb.s
      At line 132 in file startup_stm32f072xb.s

PVD_VDDIO2_IRQHandler 00000012

Symbol: PVD_VDDIO2_IRQHandler
   Definitions
      At line 190 in file startup_stm32f072xb.s
   Uses
      At line 80 in file startup_stm32f072xb.s
      At line 156 in file startup_stm32f072xb.s

PendSV_Handler 0000000E

Symbol: PendSV_Handler
   Definitions
      At line 144 in file startup_stm32f072xb.s
   Uses
      At line 75 in file startup_stm32f072xb.s
      At line 145 in file startup_stm32f072xb.s

RCC_CRS_IRQHandler 00000012

Symbol: RCC_CRS_IRQHandler
   Definitions
      At line 193 in file startup_stm32f072xb.s
   Uses
      At line 83 in file startup_stm32f072xb.s
      At line 159 in file startup_stm32f072xb.s

RTC_IRQHandler 00000012

Symbol: RTC_IRQHandler
   Definitions
      At line 191 in file startup_stm32f072xb.s
   Uses
      At line 81 in file startup_stm32f072xb.s
      At line 157 in file startup_stm32f072xb.s

Reset_Handler 00000000

Symbol: Reset_Handler
   Definitions
      At line 119 in file startup_stm32f072xb.s
   Uses
      At line 62 in file startup_stm32f072xb.s
      At line 120 in file startup_stm32f072xb.s



ARM Macro Assembler    Page 4 Alphabetic symbol ordering
Relocatable symbols


SPI1_IRQHandler 00000012

Symbol: SPI1_IRQHandler
   Definitions
      At line 214 in file startup_stm32f072xb.s
   Uses
      At line 104 in file startup_stm32f072xb.s
      At line 180 in file startup_stm32f072xb.s

SPI2_IRQHandler 00000012

Symbol: SPI2_IRQHandler
   Definitions
      At line 215 in file startup_stm32f072xb.s
   Uses
      At line 105 in file startup_stm32f072xb.s
      At line 181 in file startup_stm32f072xb.s

SVC_Handler 0000000C

Symbol: SVC_Handler
   Definitions
      At line 140 in file startup_stm32f072xb.s
   Uses
      At line 72 in file startup_stm32f072xb.s
      At line 141 in file startup_stm32f072xb.s

SysTick_Handler 00000010

Symbol: SysTick_Handler
   Definitions
      At line 148 in file startup_stm32f072xb.s
   Uses
      At line 76 in file startup_stm32f072xb.s
      At line 149 in file startup_stm32f072xb.s

TIM14_IRQHandler 00000012

Symbol: TIM14_IRQHandler
   Definitions
      At line 208 in file startup_stm32f072xb.s
   Uses
      At line 98 in file startup_stm32f072xb.s
      At line 174 in file startup_stm32f072xb.s

TIM15_IRQHandler 00000012

Symbol: TIM15_IRQHandler
   Definitions
      At line 209 in file startup_stm32f072xb.s
   Uses
      At line 99 in file startup_stm32f072xb.s
      At line 175 in file startup_stm32f072xb.s

TIM16_IRQHandler 00000012

Symbol: TIM16_IRQHandler
   Definitions



ARM Macro Assembler    Page 5 Alphabetic symbol ordering
Relocatable symbols

      At line 210 in file startup_stm32f072xb.s
   Uses
      At line 100 in file startup_stm32f072xb.s
      At line 176 in file startup_stm32f072xb.s

TIM17_IRQHandler 00000012

Symbol: TIM17_IRQHandler
   Definitions
      At line 211 in file startup_stm32f072xb.s
   Uses
      At line 101 in file startup_stm32f072xb.s
      At line 177 in file startup_stm32f072xb.s

TIM1_BRK_UP_TRG_COM_IRQHandler 00000012

Symbol: TIM1_BRK_UP_TRG_COM_IRQHandler
   Definitions
      At line 202 in file startup_stm32f072xb.s
   Uses
      At line 92 in file startup_stm32f072xb.s
      At line 168 in file startup_stm32f072xb.s

TIM1_CC_IRQHandler 00000012

Symbol: TIM1_CC_IRQHandler
   Definitions
      At line 203 in file startup_stm32f072xb.s
   Uses
      At line 93 in file startup_stm32f072xb.s
      At line 169 in file startup_stm32f072xb.s

TIM2_IRQHandler 00000012

Symbol: TIM2_IRQHandler
   Definitions
      At line 204 in file startup_stm32f072xb.s
   Uses
      At line 94 in file startup_stm32f072xb.s
      At line 170 in file startup_stm32f072xb.s

TIM3_IRQHandler 00000012

Symbol: TIM3_IRQHandler
   Definitions
      At line 205 in file startup_stm32f072xb.s
   Uses
      At line 95 in file startup_stm32f072xb.s
      At line 171 in file startup_stm32f072xb.s

TIM6_DAC_IRQHandler 00000012

Symbol: TIM6_DAC_IRQHandler
   Definitions
      At line 206 in file startup_stm32f072xb.s
   Uses
      At line 96 in file startup_stm32f072xb.s
      At line 172 in file startup_stm32f072xb.s




ARM Macro Assembler    Page 6 Alphabetic symbol ordering
Relocatable symbols

TIM7_IRQHandler 00000012

Symbol: TIM7_IRQHandler
   Definitions
      At line 207 in file startup_stm32f072xb.s
   Uses
      At line 97 in file startup_stm32f072xb.s
      At line 173 in file startup_stm32f072xb.s

TSC_IRQHandler 00000012

Symbol: TSC_IRQHandler
   Definitions
      At line 197 in file startup_stm32f072xb.s
   Uses
      At line 87 in file startup_stm32f072xb.s
      At line 163 in file startup_stm32f072xb.s

USART1_IRQHandler 00000012

Symbol: USART1_IRQHandler
   Definitions
      At line 216 in file startup_stm32f072xb.s
   Uses
      At line 106 in file startup_stm32f072xb.s
      At line 182 in file startup_stm32f072xb.s

USART2_IRQHandler 00000012

Symbol: USART2_IRQHandler
   Definitions
      At line 217 in file startup_stm32f072xb.s
   Uses
      At line 107 in file startup_stm32f072xb.s
      At line 183 in file startup_stm32f072xb.s

USART3_4_IRQHandler 00000012

Symbol: USART3_4_IRQHandler
   Definitions
      At line 218 in file startup_stm32f072xb.s
   Uses
      At line 108 in file startup_stm32f072xb.s
      At line 184 in file startup_stm32f072xb.s

USB_IRQHandler 00000012

Symbol: USB_IRQHandler
   Definitions
      At line 220 in file startup_stm32f072xb.s
   Uses
      At line 110 in file startup_stm32f072xb.s
      At line 186 in file startup_stm32f072xb.s

WWDG_IRQHandler 00000012

Symbol: WWDG_IRQHandler
   Definitions
      At line 189 in file startup_stm32f072xb.s



ARM Macro Assembler    Page 7 Alphabetic symbol ordering
Relocatable symbols

   Uses
      At line 79 in file startup_stm32f072xb.s
      At line 155 in file startup_stm32f072xb.s

__user_initial_stackheap 00000014

Symbol: __user_initial_stackheap
   Definitions
      At line 242 in file startup_stm32f072xb.s
   Uses
      At line 240 in file startup_stm32f072xb.s
Comment: __user_initial_stackheap used once
41 symbols



ARM Macro Assembler    Page 1 Alphabetic symbol ordering
Absolute symbols

Heap_Size 00000400

Symbol: Heap_Size
   Definitions
      At line 44 in file startup_stm32f072xb.s
   Uses
      At line 48 in file startup_stm32f072xb.s
      At line 246 in file startup_stm32f072xb.s

Stack_Size 00000600

Symbol: Stack_Size
   Definitions
      At line 33 in file startup_stm32f072xb.s
   Uses
      At line 36 in file startup_stm32f072xb.s
      At line 245 in file startup_stm32f072xb.s

__Vectors_Size 000000C0

Symbol: __Vectors_Size
   Definitions
      At line 114 in file startup_stm32f072xb.s
   Uses
      At line 59 in file startup_stm32f072xb.s
Comment: __Vectors_Size used once
3 symbols



ARM Macro Assembler    Page 1 Alphabetic symbol ordering
External symbols

SystemInit 00000000

Symbol: SystemInit
   Definitions
      At line 122 in file startup_stm32f072xb.s
   Uses
      At line 123 in file startup_stm32f072xb.s
Comment: SystemInit used once
__main 00000000

Symbol: __main
   Definitions
      At line 121 in file startup_stm32f072xb.s
   Uses
      At line 125 in file startup_stm32f072xb.s
Comment: __main used once
__use_two_region_memory 00000000

Symbol: __use_two_region_memory
   Definitions
      At line 239 in file startup_stm32f072xb.s
   Uses
      None
Comment: __use_two_region_memory unused
3 symbols
394 symbols in table
